root@crdnotebook-2038925125962694658-kk250-27182:~/private_data/doctorVL# python ./scripts/img/sam3/model.py 
Loading weights: 100%|██████████████████████████████████████████████████████████████████████████████████████████████| 1468/1468 [00:09<00:00, 158.12it/s]
Starting training...
trainable params: 3,883,008 || all params: 844,259,382 || trainable%: 0.4599
Epoch 1/8:   0%|                                                                                                                  | 0/41 [00:00<?, ?it/s]/usr/local/lib/python3.10/dist-packages/transformers/integrations/sdpa_attention.py:92: UserWarning: 1Torch was not compiled with memory efficient attention. (Triggered internally at /home/pytorch/aten/src/ATen/native/transformers/hip/sdp_utils.cpp:663.)
  attn_output = torch.nn.functional.scaled_dot_product_attention(
Epoch 1/8: 100%|████████████████████████████████████████████████████████████████████████████████████████████| 41/41 [01:55<00:00,  2.82s/it, loss=0.0202]
Epoch 1/8, Loss: 0.020178539116253575
Epoch 2/8: 100%|███████████████████████████████████████████████████████████████████████████████████████████| 41/41 [01:50<00:00,  2.69s/it, loss=0.00201]
Epoch 2/8, Loss: 0.002008690706045344
Epoch 3/8: 100%|███████████████████████████████████████████████████████████████████████████████████████████| 41/41 [01:50<00:00,  2.70s/it, loss=0.00112]
Epoch 3/8, Loss: 0.0011222166784402982
Epoch 4/8: 100%|██████████████████████████████████████████████████████████████████████████████████████████| 41/41 [01:49<00:00,  2.68s/it, loss=0.000751]
Epoch 4/8, Loss: 0.0007506823600213066
Epoch 5/8: 100%|██████████████████████████████████████████████████████████████████████████████████████████| 41/41 [01:49<00:00,  2.67s/it, loss=0.000703]
Epoch 5/8, Loss: 0.000703088689999454
Epoch 6/8: 100%|██████████████████████████████████████████████████████████████████████████████████████████| 41/41 [01:49<00:00,  2.68s/it, loss=0.000652]
Epoch 6/8, Loss: 0.000651969529671322
Epoch 7/8: 100%|██████████████████████████████████████████████████████████████████████████████████████████| 41/41 [01:50<00:00,  2.70s/it, loss=0.000546]
Epoch 7/8, Loss: 0.0005458848211607646
Epoch 8/8: 100%|██████████████████████████████████████████████████████████████████████████████████████████| 41/41 [01:50<00:00,  2.70s/it, loss=0.000524]
Epoch 8/8, Loss: 0.0005240572287087761
模型已保存到 ./model/sam3_lora
Training completed!

Testing model performance...
Tested 10/108 samples
Tested 20/108 samples
Tested 30/108 samples
Tested 40/108 samples
Tested 50/108 samples
Tested 60/108 samples
Tested 70/108 samples
Tested 80/108 samples
Tested 90/108 samples
Tested 100/108 samples

Test Results:
Average IoU: 0.7586
Average Dice: 0.8187
Test completed with IoU: 0.7586, Dice: 0.8187